aug 13, 2013 12:18:07 AM org.neo4j.server.logging.Logger log
INFO: Setting startup timeout to: 120000ms based on -1
aug 13, 2013 12:18:09 AM org.neo4j.server.logging.Logger log
INFO: Successfully started database
aug 13, 2013 12:18:09 AM org.neo4j.server.logging.Logger log
INFO: Starting Neo Server on port [7474] with [80] threads available
aug 13, 2013 12:18:10 AM org.neo4j.server.logging.Logger log
INFO: Enabling HTTPS on port [7473]
aug 13, 2013 12:18:10 AM org.neo4j.server.logging.Logger log
INFO: No SSL certificate found, generating a self-signed certificate..
aug 13, 2013 12:18:10 AM org.neo4j.server.logging.Logger log
INFO: Mounted discovery module at [/]
aug 13, 2013 12:18:10 AM org.neo4j.server.logging.Logger log
INFO: Loaded server plugin "CypherPlugin"
aug 13, 2013 12:18:10 AM org.neo4j.server.logging.Logger log
INFO: Loaded server plugin "GremlinPlugin"
aug 13, 2013 12:18:10 AM org.neo4j.server.logging.Logger log
INFO: Mounted REST API at [/db/data/]
aug 13, 2013 12:18:10 AM org.neo4j.server.logging.Logger log
INFO: Mounted management API at [/db/manage/]
aug 13, 2013 12:18:10 AM org.neo4j.server.logging.Logger log
INFO: Mounted webadmin at [/webadmin]
aug 13, 2013 12:18:10 AM org.neo4j.server.logging.Logger log
INFO: Mounting static content at [/webadmin] from [webadmin-html]
aug 13, 2013 12:18:10 AM com.sun.jersey.server.impl.application.WebApplicationImpl _initiate
INFO: Initiating Jersey application, version 'Jersey: 1.9 09/02/2011 11:17 AM'
aug 13, 2013 12:18:11 AM com.sun.jersey.server.impl.application.WebApplicationImpl _initiate
INFO: Initiating Jersey application, version 'Jersey: 1.9 09/02/2011 11:17 AM'
aug 13, 2013 12:18:11 AM com.sun.jersey.server.impl.application.WebApplicationImpl _initiate
INFO: Initiating Jersey application, version 'Jersey: 1.9 09/02/2011 11:17 AM'
aug 13, 2013 12:18:11 AM org.neo4j.server.logging.Logger log
INFO: Server started on [http://localhost:7474/]
aug 13, 2013 12:20:26 AM org.neo4j.server.logging.Logger log
INFO: Setting startup timeout to: 120000ms based on -1
aug 13, 2013 12:20:30 AM org.neo4j.server.logging.Logger log
INFO: Successfully started database
aug 13, 2013 12:20:30 AM org.neo4j.server.logging.Logger log
INFO: Starting Neo Server on port [7474] with [80] threads available
aug 13, 2013 12:20:30 AM org.neo4j.server.logging.Logger log
INFO: Enabling HTTPS on port [7473]
aug 13, 2013 12:20:30 AM org.neo4j.server.logging.Logger log
INFO: Mounted discovery module at [/]
aug 13, 2013 12:20:30 AM org.neo4j.server.logging.Logger log
INFO: Loaded server plugin "CypherPlugin"
aug 13, 2013 12:20:30 AM org.neo4j.server.logging.Logger log
INFO: Loaded server plugin "GremlinPlugin"
aug 13, 2013 12:20:30 AM org.neo4j.server.logging.Logger log
INFO: Mounted REST API at [/db/data/]
aug 13, 2013 12:20:30 AM org.neo4j.server.logging.Logger log
INFO: Mounted management API at [/db/manage/]
aug 13, 2013 12:20:30 AM org.neo4j.server.logging.Logger log
INFO: Mounted webadmin at [/webadmin]
aug 13, 2013 12:20:30 AM org.neo4j.server.logging.Logger log
INFO: Mounting static content at [/webadmin] from [webadmin-html]
aug 13, 2013 12:20:31 AM com.sun.jersey.server.impl.application.WebApplicationImpl _initiate
INFO: Initiating Jersey application, version 'Jersey: 1.9 09/02/2011 11:17 AM'
aug 13, 2013 12:20:31 AM com.sun.jersey.server.impl.application.WebApplicationImpl _initiate
INFO: Initiating Jersey application, version 'Jersey: 1.9 09/02/2011 11:17 AM'
aug 13, 2013 12:20:31 AM com.sun.jersey.server.impl.application.WebApplicationImpl _initiate
INFO: Initiating Jersey application, version 'Jersey: 1.9 09/02/2011 11:17 AM'
aug 13, 2013 12:20:32 AM org.neo4j.server.logging.Logger log
INFO: Server started on [http://localhost:7474/]
aug 13, 2013 12:21:19 AM org.neo4j.server.logging.Logger log
INFO: Available console sessions: SHELL: class org.neo4j.server.webadmin.console.ShellSessionCreator
CYPHER: class org.neo4j.server.webadmin.console.CypherSessionCreator
GREMLIN: class org.neo4j.server.webadmin.console.GremlinSessionCreator

